<?xml version="1.0" encoding="UTF-8"?>
<!-- Generated by org.testng.reporters.JUnitXMLReporter -->
<testsuite ignored="0" hostname="DESKTOP-CPQDIMA" failures="0" tests="5" name="Default test" time="71.374" errors="0" timestamp="2023-11-27T20:57:44 ICT">
  <testcase classname="automation.testsuite.Day13_LoginTest_Excercise" name="LoginSuccess" time="4.113"/>
  <testcase classname="automation.testsuite.Day13_LoginTest_Excercise" name="LoginFailincorrectUser" time="0.65"/>
  <testcase classname="automation.testsuite.Day13_LoginTest_Excercise" name="LoginFailincorrectPass" time="0.732"/>
  <testcase classname="automation.testsuite.Day13_LoginTest_Excercise" name="LoginFailincorrectUserAndPass" time="0.63"/>
  <testcase classname="automation.testsuite.Day13_LoginTest_Excercise" name="LogOuttSuccess" time="6.392"/>
</testsuite> <!-- Default test -->
