<?xml version="1.0" encoding="UTF-8"?>
<testng-results ignored="0" total="1" passed="1" failed="0" skipped="0">
  <reporter-output>
  </reporter-output>
  <suite started-at="2023-11-07T21:36:00 ICT" name="Default suite" finished-at="2023-11-07T21:36:15 ICT" duration-ms="14875">
    <groups>
    </groups>
    <test started-at="2023-11-07T21:36:00 ICT" name="Default test" finished-at="2023-11-07T21:36:15 ICT" duration-ms="14875">
      <class name="automation.testsuite.Day8_Practice3">
        <test-method is-config="true" signature="openChromeBro()[pri:0, instance:automation.testsuite.Day8_Practice3@6dc17b83]" started-at="2023-11-07T21:36:00 ICT" name="openChromeBro" finished-at="2023-11-07T21:36:15 ICT" duration-ms="14274" status="PASS">
          <reporter-output>
          </reporter-output>
        </test-method> <!-- openChromeBro -->
        <test-method signature="getLocatorsOnThePage()[pri:0, instance:automation.testsuite.Day8_Practice3@6dc17b83]" started-at="2023-11-07T21:36:15 ICT" name="getLocatorsOnThePage" finished-at="2023-11-07T21:36:15 ICT" duration-ms="134" status="PASS">
          <reporter-output>
          </reporter-output>
        </test-method> <!-- getLocatorsOnThePage -->
        <test-method is-config="true" signature="closeChromeDriver()[pri:0, instance:automation.testsuite.Day8_Practice3@6dc17b83]" started-at="2023-11-07T21:36:15 ICT" name="closeChromeDriver" finished-at="2023-11-07T21:36:15 ICT" duration-ms="359" status="PASS">
          <reporter-output>
          </reporter-output>
        </test-method> <!-- closeChromeDriver -->
      </class> <!-- automation.testsuite.Day8_Practice3 -->
    </test> <!-- Default test -->
  </suite> <!-- Default suite -->
</testng-results>
